#
# There is insufficient memory for the Java Runtime Environment to continue.
# Native memory allocation (malloc) failed to allocate 1048576 bytes for AllocateHeap
# Possible reasons:
#   The system is out of physical RAM or swap space
#   The process is running with CompressedOops enabled, and the Java Heap may be blocking the growth of the native heap
# Possible solutions:
#   Reduce memory load on the system
#   Increase physical memory or swap space
#   Check if swap backing store is full
#   Decrease Java heap size (-Xmx/-Xms)
#   Decrease number of Java threads
#   Decrease Java thread stack sizes (-Xss)
#   Set larger code cache with -XX:ReservedCodeCacheSize=
#   JVM is running with Unscaled Compressed Oops mode in which the Java heap is
#     placed in the first 4GB address space. The Java Heap base address is the
#     maximum limit for the native heap growth. Please use -XX:HeapBaseMinAddress
#     to set the Java Heap base and to place the Java Heap above 4GB virtual address.
# This output file may be truncated or incomplete.
#
#  Out of Memory Error (allocation.cpp:44), pid=2112, tid=18184
#
# JRE version:  (19.0.1+10) (build )
# Java VM: Java HotSpot(TM) 64-Bit Server VM (19.0.1+10-21, mixed mode, sharing, tiered, compressed oops, compressed class ptrs, g1 gc, windows-amd64)
# No core dump will be written. Minidumps are not enabled by default on client versions of Windows
#

---------------  S U M M A R Y ------------

Command Line: -Dfile.encoding=UTF-8 --module-path=C:\Users\PC\OneDrive\Desktop\java_3lh_qlcc\build\classes UpdatebyMaPhong.P101

Host: Intel(R) Core(TM) i3-1005G1 CPU @ 1.20GHz, 4 cores, 3G,  Windows 11 , 64 bit Build 22621 (10.0.22621.1194)
Time: Wed Mar  8 20:31:50 2023 SE Asia Standard Time elapsed time: 0.010696 seconds (0d 0h 0m 0s)

---------------  T H R E A D  ---------------

Current thread (0x000001505e536d60):  JavaThread "Unknown thread" [_thread_in_vm, id=18184, stack(0x0000002f89300000,0x0000002f89400000)]

Stack: [0x0000002f89300000,0x0000002f89400000]
Native frames: (J=compiled Java code, j=interpreted, Vv=VM code, C=native code)
V  [jvm.dll+0x6ee8fa]
V  [jvm.dll+0x857a1e]
V  [jvm.dll+0x85940e]
V  [jvm.dll+0x859ac3]
V  [jvm.dll+0x28291f]
V  [jvm.dll+0xc40eb]
V  [jvm.dll+0x335479]
V  [jvm.dll+0x32d574]
V  [jvm.dll+0x821b20]
V  [jvm.dll+0x3c27c1]
V  [jvm.dll+0x8022f1]
V  [jvm.dll+0x44b30f]
V  [jvm.dll+0x44cc91]
C  [jli.dll+0x5287]
C  [ucrtbase.dll+0x29363]
C  [KERNEL32.DLL+0x126bd]
C  [ntdll.dll+0x5dfb8]


---------------  P R O C E S S  ---------------

Threads class SMR info:
_java_thread_list=0x00007ff8a300d048, length=0, elements={
}

Java Threads: ( => current thread )

Other Threads:
  0x000001505e576ce0 WorkerThread "GC Thread#0" [stack: 0x0000002f89400000,0x0000002f89500000] [id=9820]

[error occurred during error reporting (printing all threads), id 0xc0000005, EXCEPTION_ACCESS_VIOLATION (0xc0000005) at pc=0x00007ff8a27ca630]

VM state: not at safepoint (not fully initialized)

VM Mutex/Monitor currently owned by a thread:  ([mutex/lock_event])
[0x000001505e533780] Heap_lock - owner thread: 0x000001505e536d60

Heap address: 0x00000000c4e00000, size: 946 MB, Compressed Oops mode: 32-bit

CDS archive(s) mapped at: [0x0000000000000000-0x0000000000000000-0x0000000000000000), size 0, SharedBaseAddress: 0x0000000800000000, ArchiveRelocationMode: 0.
Narrow klass base: 0x0000000000000000, Narrow klass shift: 0, Narrow klass range: 0x0

GC Precious Log:
 CardTable entry size: 512
 Card Set container configuration: InlinePtr #cards 5 size 8 Array Of Cards #cards 12 size 40 Howl #buckets 4 coarsen threshold 1843 Howl Bitmap #cards 512 size 80 coarsen threshold 460 Card regions per heap region 1 cards per card region 2048

Heap:
 garbage-first heap   total 0K, used 0K [0x00000000c4e00000, 0x0000000100000000)
  region size 1024K, 0 young (0K), 0 survivors (0K)

[error occurred during error reporting (printing heap information), id 0xc0000005, EXCEPTION_ACCESS_VIOLATION (0xc0000005) at pc=0x00007ff8a2bd6959]

GC Heap History (0 events):
No events

Dll operation events (1 events):
Event: 0.006 Loaded shared library C:\Program Files\Java\jdk-19\bin\java.dll

Deoptimization events (0 events):
No events

Classes loaded (0 events):
No events

Classes unloaded (0 events):
No events

Classes redefined (0 events):
No events

Internal exceptions (0 events):
No events

VM Operations (0 events):
No events

Events (0 events):
No events


Dynamic libraries:
0x00007ff77f0b0000 - 0x00007ff77f0c0000 	C:\Program Files\Java\jdk-19\bin\java.exe
0x00007ff94c6b0000 - 0x00007ff94c8c4000 	C:\WINDOWS\SYSTEM32\ntdll.dll
0x00007ff94bcd0000 - 0x00007ff94bd93000 	C:\WINDOWS\System32\KERNEL32.DLL
0x00007ff94a0b0000 - 0x00007ff94a44c000 	C:\WINDOWS\System32\KERNELBASE.dll
0x00007ff949af0000 - 0x00007ff949c01000 	C:\WINDOWS\System32\ucrtbase.dll
0x00007ff91f6f0000 - 0x00007ff91f70b000 	C:\Program Files\Java\jdk-19\bin\VCRUNTIME140.dll
0x00007ff922fe0000 - 0x00007ff922ff8000 	C:\Program Files\Java\jdk-19\bin\jli.dll
0x00007ff94a940000 - 0x00007ff94a9ee000 	C:\WINDOWS\System32\ADVAPI32.dll
0x00007ff94b170000 - 0x00007ff94b217000 	C:\WINDOWS\System32\msvcrt.dll
0x00007ff94bda0000 - 0x00007ff94be44000 	C:\WINDOWS\System32\sechost.dll
0x00007ff94c540000 - 0x00007ff94c655000 	C:\WINDOWS\System32\RPCRT4.dll
0x00007ff94beb0000 - 0x00007ff94c05d000 	C:\WINDOWS\System32\USER32.dll
0x00007ff949c10000 - 0x00007ff949c36000 	C:\WINDOWS\System32\win32u.dll
0x00007ff91ad00000 - 0x00007ff91af8e000 	C:\WINDOWS\WinSxS\amd64_microsoft.windows.common-controls_6595b64144ccf1df_6.0.22621.608_none_a9444ca7c10bb01d\COMCTL32.dll
0x00007ff94ae30000 - 0x00007ff94ae59000 	C:\WINDOWS\System32\GDI32.dll
0x00007ff949f10000 - 0x00007ff94a022000 	C:\WINDOWS\System32\gdi32full.dll
0x00007ff949c40000 - 0x00007ff949cda000 	C:\WINDOWS\System32\msvcp_win.dll
0x00007ff93ea00000 - 0x00007ff93ea0a000 	C:\WINDOWS\SYSTEM32\VERSION.dll
0x00007ff94be70000 - 0x00007ff94bea2000 	C:\WINDOWS\System32\IMM32.DLL
0x00007ff922fc0000 - 0x00007ff922fcc000 	C:\Program Files\Java\jdk-19\bin\vcruntime140_1.dll
0x00007ff90dff0000 - 0x00007ff90e07e000 	C:\Program Files\Java\jdk-19\bin\msvcp140.dll
0x00007ff8a2490000 - 0x00007ff8a3150000 	C:\Program Files\Java\jdk-19\bin\server\jvm.dll
0x00007ff922fd0000 - 0x00007ff922fd9000 	C:\WINDOWS\SYSTEM32\WSOCK32.dll
0x00007ff940340000 - 0x00007ff940374000 	C:\WINDOWS\SYSTEM32\WINMM.dll
0x00007ff94c4b0000 - 0x00007ff94c521000 	C:\WINDOWS\System32\ws2_32.DLL
0x00007ff948b40000 - 0x00007ff948b58000 	C:\WINDOWS\SYSTEM32\kernel.appcore.dll
0x00007ff91f670000 - 0x00007ff91f67a000 	C:\Program Files\Java\jdk-19\bin\jimage.dll
0x00007ff944470000 - 0x00007ff94469e000 	C:\WINDOWS\SYSTEM32\DBGHELP.DLL
0x00007ff94c060000 - 0x00007ff94c3ea000 	C:\WINDOWS\System32\combase.dll
0x00007ff94ad50000 - 0x00007ff94ae27000 	C:\WINDOWS\System32\OLEAUT32.dll
0x00007ff938870000 - 0x00007ff9388a2000 	C:\WINDOWS\SYSTEM32\dbgcore.DLL
0x00007ff94a030000 - 0x00007ff94a0ab000 	C:\WINDOWS\System32\bcryptPrimitives.dll
0x00007ff91f680000 - 0x00007ff91f6a6000 	C:\Program Files\Java\jdk-19\bin\java.dll

dbghelp: loaded successfully - version: 4.0.5 - missing functions: none
symbol engine: initialized successfully - sym options: 0x614 - pdb path: .;C:\Program Files\Java\jdk-19\bin;C:\WINDOWS\SYSTEM32;C:\WINDOWS\WinSxS\amd64_microsoft.windows.common-controls_6595b64144ccf1df_6.0.22621.608_none_a9444ca7c10bb01d;C:\Program Files\Java\jdk-19\bin\server

VM Arguments:
jvm_args: -Dfile.encoding=UTF-8 --module-path=C:\Users\PC\OneDrive\Desktop\java_3lh_qlcc\build\classes 
java_command: UpdatebyMaPhong.P101
java_class_path (initial): C:\Program Files\NetBeans-17\netbeans\java\modules\ext\AbsoluteLayout.jar;C:\Users\PC\OneDrive\Desktop\java_3lh_qlcc\jdbc\mssql-jdbc-11.2.0.jre17.jar;C:\Users\PC\OneDrive\Desktop\java_3lh_qlcc\build\classes
Launcher Type: SUN_STANDARD

[Global flags]
     intx CICompilerCount                          = 3                                         {product} {ergonomic}
     uint ConcGCThreads                            = 1                                         {product} {ergonomic}
     uint G1ConcRefinementThreads                  = 4                                         {product} {ergonomic}
   size_t G1HeapRegionSize                         = 1048576                                   {product} {ergonomic}
    uintx GCDrainStackTargetSize                   = 64                                        {product} {ergonomic}
   size_t InitialHeapSize                          = 62914560                                  {product} {ergonomic}
   size_t MarkStackSize                            = 4194304                                   {product} {ergonomic}
   size_t MaxHeapSize                              = 991952896                                 {product} {ergonomic}
   size_t MinHeapDeltaBytes                        = 1048576                                   {product} {ergonomic}
   size_t MinHeapSize                              = 8388608                                   {product} {ergonomic}
    uintx NonNMethodCodeHeapSize                   = 5832780                                {pd product} {ergonomic}
    uintx NonProfiledCodeHeapSize                  = 122912730                              {pd product} {ergonomic}
    uintx ProfiledCodeHeapSize                     = 122912730                              {pd product} {ergonomic}
    uintx ReservedCodeCacheSize                    = 251658240                              {pd product} {ergonomic}
     bool SegmentedCodeCache                       = true                                      {product} {ergonomic}
   size_t SoftMaxHeapSize                          = 991952896                              {manageable} {ergonomic}
     bool UseCompressedClassPointers               = true                           {product lp64_product} {ergonomic}
     bool UseCompressedOops                        = true                           {product lp64_product} {ergonomic}
     bool UseG1GC                                  = true                                      {product} {ergonomic}
     bool UseLargePagesIndividualAllocation        = false                                  {pd product} {ergonomic}

Logging:
Log output configuration:
 #0: stdout all=warning uptime,level,tags foldmultilines=false
 #1: stderr all=off uptime,level,tags foldmultilines=false

Environment Variables:
PATH=C:\Program Files (x86)\VMware\VMware Workstation\bin\;C:\Program Files\Common Files\Oracle\Java\javapath;C:\WINDOWS\system32;C:\WINDOWS;C:\WINDOWS\System32\Wbem;C:\WINDOWS\System32\WindowsPowerShell\v1.0\;C:\WINDOWS\System32\OpenSSH\;C:\Program Files (x86)\Microsoft SQL Server\160\Tools\Binn\;C:\Program Files\Microsoft SQL Server\160\Tools\Binn\;C:\Program Files\Microsoft SQL Server\Client SDK\ODBC\170\Tools\Binn\;C:\Program Files\Microsoft SQL Server\160\DTS\Binn\;C:\Program Files (x86)\Microsoft SQL Server\160\DTS\Binn\;C:\Program Files\Azure Data Studio\bin;C:\Program Files\dotnet\;C:\Users\PC\AppData\Local\Microsoft\WindowsApps;;C:\Program Files\Azure Data Studio\bin
USERNAME=PC
OS=Windows_NT
PROCESSOR_IDENTIFIER=Intel64 Family 6 Model 126 Stepping 5, GenuineIntel
TMP=C:\Users\PC\AppData\Local\Temp
TEMP=C:\Users\PC\AppData\Local\Temp



---------------  S Y S T E M  ---------------

OS:
 Windows 11 , 64 bit Build 22621 (10.0.22621.1194)
OS uptime: 0 days 17:43 hours

CPU: total 4 (initial active 4) (2 cores per cpu, 2 threads per core) family 6 model 126 stepping 5 microcode 0xa0, cx8, cmov, fxsr, ht, mmx, 3dnowpref, sse, sse2, sse3, ssse3, sse4.1, sse4.2, popcnt, lzcnt, tsc, tscinvbit, avx, avx2, aes, erms, clmul, bmi1, bmi2, adx, avx512f, avx512dq, avx512cd, avx512bw, avx512vl, sha, fma, vzeroupper, avx512_vpopcntdq, avx512_vpclmulqdq, avx512_vaes, avx512_vnni, clflush, clflushopt, avx512_vbmi2, avx512_vbmi, rdtscp, rdpid, fsrm, gfni, avx512_bitalg

Memory: 4k page, system-wide physical 3781M (281M free)
TotalPageFile size 15557M (AvailPageFile size 3M)
current process WorkingSet (physical memory assigned to process): 10M, peak: 10M
current process commit charge ("private bytes"): 50M, peak: 51M

vm_info: Java HotSpot(TM) 64-Bit Server VM (19.0.1+10-21) for windows-amd64 JRE (19.0.1+10-21), built on 2022-09-14T12:45:06Z by "mach5one" with MS VC++ 17.1 (VS2022)

END.
